<?xml version="1.0" encoding="UTF-8"?>
<!-- Generated by org.testng.reporters.JUnitReportReporter -->
<testsuite hostname="Sunita-laptop" failures="0" tests="4" name="Sunitapkg.SkipTestNG2" time="0.004" errors="0" timestamp="2024-08-05T22:30:39 IST" skipped="1">
  <testcase classname="Sunitapkg.SkipTestNG2" name="c" time="0.001"/>
  <system-out/>
  <testcase classname="Sunitapkg.SkipTestNG2" name="c" time="0.002"/>
  <system-out/>
  <testcase classname="Sunitapkg.SkipTestNG2" name="a" time="0.001"/>
  <system-out/>
  <testcase classname="Sunitapkg.SkipTestNG2" name="b">
    <skipped/>
  </testcase> <!-- b -->
  <system-out/>
</testsuite> <!-- Sunitapkg.SkipTestNG2 -->
