<?xml version="1.0" encoding="UTF-8"?>
<!-- Generated by org.testng.reporters.JUnitReportReporter -->
<testsuite hostname="Sunita-laptop" failures="0" tests="4" name="Sunitapkg.TestNgPriority" time="0.003" errors="0" timestamp="2024-08-05T22:30:39 IST" skipped="0">
  <testcase classname="Sunitapkg.TestNgPriority" name="a" time="0.000"/>
  <system-out/>
  <testcase classname="Sunitapkg.TestNgPriority" name="A1" time="0.001"/>
  <system-out/>
  <testcase classname="Sunitapkg.TestNgPriority" name="ab" time="0.001"/>
  <system-out/>
  <testcase classname="Sunitapkg.TestNgPriority" name="A2" time="0.001"/>
  <system-out/>
</testsuite> <!-- Sunitapkg.TestNgPriority -->
