<?xml version="1.0" encoding="UTF-8"?>
<!-- Generated by org.testng.reporters.JUnitReportReporter -->
<testsuite hostname="Sunita-laptop" failures="0" tests="1" name="Sunitapkg.Assetion3" time="0.011" errors="0" timestamp="2024-08-06T22:51:07 IST" skipped="0">
  <testcase classname="Sunitapkg.Assetion3" name="testAssertion1" time="0.011"/>
  <system-out/>
</testsuite> <!-- Sunitapkg.Assetion3 -->
