<?xml version="1.0" encoding="UTF-8"?>
<!-- Generated by org.testng.reporters.JUnitReportReporter -->
<testsuite hostname="Sunita-laptop" failures="0" tests="2" name="Sunitapkg.SkipTestNG" time="0.002" errors="0" timestamp="2024-08-05T22:38:59 IST" skipped="2">
  <testcase classname="Sunitapkg.SkipTestNG" name="f" time="0.002">
    <skipped/>
  </testcase> <!-- f -->
  <system-out/>
  <testcase classname="Sunitapkg.SkipTestNG" name="b">
    <skipped/>
  </testcase> <!-- b -->
  <system-out/>
</testsuite> <!-- Sunitapkg.SkipTestNG -->
