<?xml version="1.0" encoding="UTF-8"?>
<!-- Generated by org.testng.reporters.JUnitReportReporter -->
<testsuite hostname="Sunita-laptop" failures="0" tests="1" name="Sunitapkg.AssertionPgm1" time="6.978" errors="0" timestamp="2024-08-06T22:32:14 IST" skipped="0">
  <testcase classname="Sunitapkg.AssertionPgm1" name="TestAssertion" time="6.978"/>
  <system-out/>
</testsuite> <!-- Sunitapkg.AssertionPgm1 -->
