<?xml version="1.0" encoding="UTF-8"?>
<!-- Generated by org.testng.reporters.JUnitReportReporter -->
<testsuite hostname="Sunita-laptop" failures="0" tests="2" name="Sunitapkg.TestNg1" time="0.011" errors="0" timestamp="2024-08-05T22:30:39 IST" skipped="0">
  <testcase classname="Sunitapkg.TestNg1" name="E1" time="0.007"/>
  <system-out/>
  <testcase classname="Sunitapkg.TestNg1" name="e1" time="0.004"/>
  <system-out/>
</testsuite> <!-- Sunitapkg.TestNg1 -->
