<?xml version="1.0" encoding="UTF-8"?>
<!-- Generated by org.testng.reporters.JUnitReportReporter -->
<testsuite hostname="Sunita-laptop" failures="0" tests="4" name="Sunitapkg.TestNg3" time="0.012" errors="0" timestamp="2024-08-03T21:23:12 IST" skipped="0">
  <testcase classname="Sunitapkg.TestNg3" name="ab" time="0.001"/>
  <system-out/>
  <testcase classname="Sunitapkg.TestNg3" name="a" time="0.001"/>
  <system-out/>
  <testcase classname="Sunitapkg.TestNg3" name="A1" time="0.009"/>
  <system-out/>
  <testcase classname="Sunitapkg.TestNg3" name="A2" time="0.001"/>
  <system-out/>
</testsuite> <!-- Sunitapkg.TestNg3 -->
